2024-09-04 14:50:47,627 INFO    StreamThr :160523 [internal.py:wandb_internal():85] W&B internal server running at pid: 160523, started at: 2024-09-04 14:50:47.626865
2024-09-04 14:50:47,628 DEBUG   HandlerThread:160523 [handler.py:handle_request():158] handle_request: status
2024-09-04 14:50:47,631 INFO    WriterThread:160523 [datastore.py:open_for_write():87] open: /home/zky/AgentBoard_metasearch/agentboard/wandb/run-20240904_145047-ujavw0w4/run-ujavw0w4.wandb
2024-09-04 14:50:47,632 DEBUG   SenderThread:160523 [sender.py:send():391] send: header
2024-09-04 14:50:47,649 DEBUG   SenderThread:160523 [sender.py:send():391] send: run
2024-09-04 14:50:49,238 INFO    SenderThread:160523 [dir_watcher.py:__init__():211] watching files in: /home/zky/AgentBoard_metasearch/agentboard/wandb/run-20240904_145047-ujavw0w4/files
2024-09-04 14:50:49,238 INFO    SenderThread:160523 [sender.py:_start_run_threads():1200] run started: ujavw0w4 with start time 1725432647.627107
2024-09-04 14:50:49,242 DEBUG   HandlerThread:160523 [handler.py:handle_request():158] handle_request: check_version
2024-09-04 14:50:49,242 DEBUG   SenderThread:160523 [sender.py:send_request():418] send_request: check_version
2024-09-04 14:50:49,460 DEBUG   HandlerThread:160523 [handler.py:handle_request():158] handle_request: run_start
2024-09-04 14:50:49,473 DEBUG   HandlerThread:160523 [system_info.py:__init__():26] System info init
2024-09-04 14:50:49,473 DEBUG   HandlerThread:160523 [system_info.py:__init__():41] System info init done
2024-09-04 14:50:49,473 INFO    HandlerThread:160523 [system_monitor.py:start():194] Starting system monitor
2024-09-04 14:50:49,473 INFO    SystemMonitor:160523 [system_monitor.py:_start():158] Starting system asset monitoring threads
2024-09-04 14:50:49,474 INFO    HandlerThread:160523 [system_monitor.py:probe():214] Collecting system info
2024-09-04 14:50:49,474 INFO    SystemMonitor:160523 [interfaces.py:start():188] Started cpu monitoring
2024-09-04 14:50:49,475 INFO    SystemMonitor:160523 [interfaces.py:start():188] Started disk monitoring
2024-09-04 14:50:49,478 INFO    SystemMonitor:160523 [interfaces.py:start():188] Started gpu monitoring
2024-09-04 14:50:49,478 INFO    SystemMonitor:160523 [interfaces.py:start():188] Started memory monitoring
2024-09-04 14:50:49,479 INFO    SystemMonitor:160523 [interfaces.py:start():188] Started network monitoring
2024-09-04 14:50:49,487 DEBUG   HandlerThread:160523 [system_info.py:probe():152] Probing system
2024-09-04 14:50:49,535 DEBUG   HandlerThread:160523 [system_info.py:_probe_git():137] Probing git
2024-09-04 14:50:49,545 DEBUG   HandlerThread:160523 [system_info.py:_probe_git():145] Probing git done
2024-09-04 14:50:49,545 DEBUG   HandlerThread:160523 [system_info.py:probe():200] Probing system done
2024-09-04 14:50:49,545 DEBUG   HandlerThread:160523 [system_monitor.py:probe():223] {'os': 'Linux-5.15.153.1-microsoft-standard-WSL2-x86_64-with-glibc2.17', 'python': '3.8.13', 'heartbeatAt': '2024-09-04T06:50:49.488054', 'startedAt': '2024-09-04T06:50:47.616453', 'docker': None, 'cuda': None, 'args': ('--cfg-path', '../eval_configs/main_results_all_tasks.yaml', '--tasks', 'scienceworld', '--wandb', '--log_path', '../results/gpt-3.5-turbo-0125', '--project_name', 'evaluate-gpt-35-turbo-0125', '--baseline_dir', '../data/baseline_results', '--planning', 'io', '--reasoning', 'io', '--memory', 'None', '--tooluse', 'None', '--model', 'gpt-3.5-turbo-0125'), 'state': 'running', 'program': 'eval_main_sci.py', 'codePathLocal': 'eval_main_sci.py', 'codePath': 'agentboard/eval_main_sci.py', 'git': {'remote': 'https://github.com/hkust-nlp/AgentBoard.git', 'commit': 'bb7255e2daf1989069a186dad9e53f70680961db'}, 'email': None, 'root': '/home/zky/AgentBoard_metasearch', 'host': 'LAPTOP-5PO7LLCG', 'username': 'zky', 'executable': '/home/zky/anaconda3/envs/AgentBoard/bin/python3', 'cpu_count': 8, 'cpu_count_logical': 16, 'cpu_freq': {'current': 3792.631999999999, 'min': 0.0, 'max': 0.0}, 'cpu_freq_per_core': [{'current': 3792.632, 'min': 0.0, 'max': 0.0}, {'current': 3792.632, 'min': 0.0, 'max': 0.0}, {'current': 3792.632, 'min': 0.0, 'max': 0.0}, {'current': 3792.632, 'min': 0.0, 'max': 0.0}, {'current': 3792.632, 'min': 0.0, 'max': 0.0}, {'current': 3792.632, 'min': 0.0, 'max': 0.0}, {'current': 3792.632, 'min': 0.0, 'max': 0.0}, {'current': 3792.632, 'min': 0.0, 'max': 0.0}, {'current': 3792.632, 'min': 0.0, 'max': 0.0}, {'current': 3792.632, 'min': 0.0, 'max': 0.0}, {'current': 3792.632, 'min': 0.0, 'max': 0.0}, {'current': 3792.632, 'min': 0.0, 'max': 0.0}, {'current': 3792.632, 'min': 0.0, 'max': 0.0}, {'current': 3792.632, 'min': 0.0, 'max': 0.0}, {'current': 3792.632, 'min': 0.0, 'max': 0.0}, {'current': 3792.632, 'min': 0.0, 'max': 0.0}], 'disk': {'/': {'total': 1006.853931427002, 'used': 39.45014190673828}}, 'gpu': 'NVIDIA GeForce RTX 4060 Laptop GPU', 'gpu_count': 1, 'gpu_devices': [{'name': 'NVIDIA GeForce RTX 4060 Laptop GPU', 'memory_total': 8585740288}], 'memory': {'total': 7.359710693359375}}
2024-09-04 14:50:49,545 INFO    HandlerThread:160523 [system_monitor.py:probe():224] Finished collecting system info
2024-09-04 14:50:49,546 INFO    HandlerThread:160523 [system_monitor.py:probe():227] Publishing system info
2024-09-04 14:50:49,546 DEBUG   HandlerThread:160523 [system_info.py:_save_conda():209] Saving list of conda packages installed into the current environment
2024-09-04 14:50:50,239 INFO    Thread-12 :160523 [dir_watcher.py:_on_file_created():271] file/dir created: /home/zky/AgentBoard_metasearch/agentboard/wandb/run-20240904_145047-ujavw0w4/files/conda-environment.yaml
2024-09-04 14:50:59,748 DEBUG   HandlerThread:160523 [system_info.py:_save_conda():224] Saving conda packages done
2024-09-04 14:50:59,749 INFO    HandlerThread:160523 [system_monitor.py:probe():229] Finished publishing system info
2024-09-04 14:50:59,754 DEBUG   HandlerThread:160523 [handler.py:handle_request():158] handle_request: status_report
2024-09-04 14:50:59,754 DEBUG   HandlerThread:160523 [handler.py:handle_request():158] handle_request: keepalive
2024-09-04 14:50:59,754 DEBUG   HandlerThread:160523 [handler.py:handle_request():158] handle_request: status_report
2024-09-04 14:50:59,754 DEBUG   HandlerThread:160523 [handler.py:handle_request():158] handle_request: keepalive
2024-09-04 14:50:59,755 DEBUG   SenderThread:160523 [sender.py:send():391] send: files
2024-09-04 14:50:59,755 INFO    SenderThread:160523 [sender.py:_save_file():1466] saving file wandb-metadata.json with policy now
2024-09-04 14:50:59,953 DEBUG   HandlerThread:160523 [handler.py:handle_request():158] handle_request: python_packages
2024-09-04 14:50:59,954 DEBUG   SenderThread:160523 [sender.py:send_request():418] send_request: python_packages
2024-09-04 14:50:59,954 DEBUG   HandlerThread:160523 [handler.py:handle_request():158] handle_request: stop_status
2024-09-04 14:50:59,955 DEBUG   SenderThread:160523 [sender.py:send_request():418] send_request: stop_status
2024-09-04 14:50:59,957 DEBUG   HandlerThread:160523 [handler.py:handle_request():158] handle_request: internal_messages
2024-09-04 14:51:00,241 INFO    Thread-12 :160523 [dir_watcher.py:_on_file_modified():288] file/dir modified: /home/zky/AgentBoard_metasearch/agentboard/wandb/run-20240904_145047-ujavw0w4/files/conda-environment.yaml
2024-09-04 14:51:00,241 INFO    Thread-12 :160523 [dir_watcher.py:_on_file_created():271] file/dir created: /home/zky/AgentBoard_metasearch/agentboard/wandb/run-20240904_145047-ujavw0w4/files/requirements.txt
2024-09-04 14:51:00,241 INFO    Thread-12 :160523 [dir_watcher.py:_on_file_created():271] file/dir created: /home/zky/AgentBoard_metasearch/agentboard/wandb/run-20240904_145047-ujavw0w4/files/wandb-metadata.json
2024-09-04 14:51:00,954 DEBUG   HandlerThread:160523 [handler.py:handle_request():158] handle_request: internal_messages
2024-09-04 14:51:01,799 DEBUG   SenderThread:160523 [sender.py:send():391] send: telemetry
2024-09-04 14:51:01,955 DEBUG   HandlerThread:160523 [handler.py:handle_request():158] handle_request: internal_messages
2024-09-04 14:51:02,242 INFO    Thread-12 :160523 [dir_watcher.py:_on_file_created():271] file/dir created: /home/zky/AgentBoard_metasearch/agentboard/wandb/run-20240904_145047-ujavw0w4/files/output.log
2024-09-04 14:51:02,560 INFO    wandb-upload_0:160523 [upload_job.py:push():130] Uploaded file /tmp/tmpvx0o72prwandb/doe0te5l-wandb-metadata.json
2024-09-04 14:51:02,955 DEBUG   HandlerThread:160523 [handler.py:handle_request():158] handle_request: internal_messages
2024-09-04 14:51:03,801 DEBUG   HandlerThread:160523 [handler.py:handle_request():158] handle_request: status_report
2024-09-04 14:51:03,955 DEBUG   HandlerThread:160523 [handler.py:handle_request():158] handle_request: internal_messages
2024-09-04 14:51:04,243 INFO    Thread-12 :160523 [dir_watcher.py:_on_file_modified():288] file/dir modified: /home/zky/AgentBoard_metasearch/agentboard/wandb/run-20240904_145047-ujavw0w4/files/output.log
2024-09-04 14:51:04,955 DEBUG   HandlerThread:160523 [handler.py:handle_request():158] handle_request: internal_messages
2024-09-04 14:51:05,955 DEBUG   HandlerThread:160523 [handler.py:handle_request():158] handle_request: internal_messages
2024-09-04 14:51:06,955 DEBUG   HandlerThread:160523 [handler.py:handle_request():158] handle_request: internal_messages
2024-09-04 14:51:07,955 DEBUG   HandlerThread:160523 [handler.py:handle_request():158] handle_request: internal_messages
2024-09-04 14:51:08,244 INFO    Thread-12 :160523 [dir_watcher.py:_on_file_modified():288] file/dir modified: /home/zky/AgentBoard_metasearch/agentboard/wandb/run-20240904_145047-ujavw0w4/files/output.log
2024-09-04 14:51:08,955 DEBUG   HandlerThread:160523 [handler.py:handle_request():158] handle_request: internal_messages
2024-09-04 14:51:09,046 DEBUG   HandlerThread:160523 [handler.py:handle_request():158] handle_request: status_report
2024-09-04 14:51:09,955 DEBUG   HandlerThread:160523 [handler.py:handle_request():158] handle_request: internal_messages
2024-09-04 14:51:10,245 INFO    Thread-12 :160523 [dir_watcher.py:_on_file_modified():288] file/dir modified: /home/zky/AgentBoard_metasearch/agentboard/wandb/run-20240904_145047-ujavw0w4/files/output.log
2024-09-04 14:51:10,956 DEBUG   HandlerThread:160523 [handler.py:handle_request():158] handle_request: internal_messages
2024-09-04 14:51:11,956 DEBUG   HandlerThread:160523 [handler.py:handle_request():158] handle_request: internal_messages
2024-09-04 14:51:12,246 INFO    Thread-12 :160523 [dir_watcher.py:_on_file_modified():288] file/dir modified: /home/zky/AgentBoard_metasearch/agentboard/wandb/run-20240904_145047-ujavw0w4/files/output.log
2024-09-04 14:51:12,956 DEBUG   HandlerThread:160523 [handler.py:handle_request():158] handle_request: internal_messages
2024-09-04 14:51:13,956 DEBUG   HandlerThread:160523 [handler.py:handle_request():158] handle_request: internal_messages
2024-09-04 14:51:14,246 INFO    Thread-12 :160523 [dir_watcher.py:_on_file_modified():288] file/dir modified: /home/zky/AgentBoard_metasearch/agentboard/wandb/run-20240904_145047-ujavw0w4/files/output.log
2024-09-04 14:51:14,861 DEBUG   HandlerThread:160523 [handler.py:handle_request():158] handle_request: status_report
2024-09-04 14:51:14,953 DEBUG   HandlerThread:160523 [handler.py:handle_request():158] handle_request: stop_status
2024-09-04 14:51:14,954 DEBUG   SenderThread:160523 [sender.py:send_request():418] send_request: stop_status
2024-09-04 14:51:14,956 DEBUG   HandlerThread:160523 [handler.py:handle_request():158] handle_request: internal_messages
2024-09-04 14:51:15,956 DEBUG   HandlerThread:160523 [handler.py:handle_request():158] handle_request: internal_messages
2024-09-04 14:51:16,247 INFO    Thread-12 :160523 [dir_watcher.py:_on_file_modified():288] file/dir modified: /home/zky/AgentBoard_metasearch/agentboard/wandb/run-20240904_145047-ujavw0w4/files/output.log
2024-09-04 14:51:16,957 DEBUG   HandlerThread:160523 [handler.py:handle_request():158] handle_request: internal_messages
2024-09-04 14:51:17,957 DEBUG   HandlerThread:160523 [handler.py:handle_request():158] handle_request: internal_messages
2024-09-04 14:51:18,248 INFO    Thread-12 :160523 [dir_watcher.py:_on_file_modified():288] file/dir modified: /home/zky/AgentBoard_metasearch/agentboard/wandb/run-20240904_145047-ujavw0w4/files/output.log
2024-09-04 14:51:18,957 DEBUG   HandlerThread:160523 [handler.py:handle_request():158] handle_request: internal_messages
2024-09-04 14:51:19,957 DEBUG   HandlerThread:160523 [handler.py:handle_request():158] handle_request: status_report
2024-09-04 14:51:19,958 DEBUG   HandlerThread:160523 [handler.py:handle_request():158] handle_request: internal_messages
2024-09-04 14:51:20,248 INFO    Thread-12 :160523 [dir_watcher.py:_on_file_modified():288] file/dir modified: /home/zky/AgentBoard_metasearch/agentboard/wandb/run-20240904_145047-ujavw0w4/files/output.log
2024-09-04 14:51:20,957 DEBUG   HandlerThread:160523 [handler.py:handle_request():158] handle_request: internal_messages
2024-09-04 14:51:21,249 INFO    Thread-12 :160523 [dir_watcher.py:_on_file_modified():288] file/dir modified: /home/zky/AgentBoard_metasearch/agentboard/wandb/run-20240904_145047-ujavw0w4/files/config.yaml
2024-09-04 14:51:21,957 DEBUG   HandlerThread:160523 [handler.py:handle_request():158] handle_request: internal_messages
2024-09-04 14:51:22,249 INFO    Thread-12 :160523 [dir_watcher.py:_on_file_modified():288] file/dir modified: /home/zky/AgentBoard_metasearch/agentboard/wandb/run-20240904_145047-ujavw0w4/files/output.log
2024-09-04 14:51:22,957 DEBUG   HandlerThread:160523 [handler.py:handle_request():158] handle_request: internal_messages
2024-09-04 14:51:23,958 DEBUG   HandlerThread:160523 [handler.py:handle_request():158] handle_request: internal_messages
2024-09-04 14:51:24,826 DEBUG   HandlerThread:160523 [handler.py:handle_request():158] handle_request: log_artifact
2024-09-04 14:51:24,827 DEBUG   SenderThread:160523 [sender.py:send_request():418] send_request: log_artifact
2024-09-04 14:51:24,958 DEBUG   HandlerThread:160523 [handler.py:handle_request():158] handle_request: internal_messages
2024-09-04 14:51:25,251 INFO    Thread-12 :160523 [dir_watcher.py:_on_file_created():271] file/dir created: /home/zky/AgentBoard_metasearch/agentboard/wandb/run-20240904_145047-ujavw0w4/files/media/table/scienceworld/predictions_0_18c2672dade1c04ad8ff.table.json
2024-09-04 14:51:25,251 INFO    Thread-12 :160523 [dir_watcher.py:_on_file_created():271] file/dir created: /home/zky/AgentBoard_metasearch/agentboard/wandb/run-20240904_145047-ujavw0w4/files/media/table/scienceworld
2024-09-04 14:51:25,251 INFO    Thread-12 :160523 [dir_watcher.py:_on_file_created():271] file/dir created: /home/zky/AgentBoard_metasearch/agentboard/wandb/run-20240904_145047-ujavw0w4/files/media
2024-09-04 14:51:25,251 INFO    Thread-12 :160523 [dir_watcher.py:_on_file_created():271] file/dir created: /home/zky/AgentBoard_metasearch/agentboard/wandb/run-20240904_145047-ujavw0w4/files/media/table
2024-09-04 14:51:25,958 DEBUG   HandlerThread:160523 [handler.py:handle_request():158] handle_request: internal_messages
2024-09-04 14:51:26,696 INFO    wandb-upload_0:160523 [upload_job.py:push():130] Uploaded file /tmp/tmpvx0o72prwandb/bqjlaynr-media/table/scienceworld/predictions_0_18c2672dade1c04ad8ff.table.json
2024-09-04 14:51:26,828 DEBUG   HandlerThread:160523 [handler.py:handle_request():158] handle_request: partial_history
2024-09-04 14:51:26,958 DEBUG   HandlerThread:160523 [handler.py:handle_request():158] handle_request: internal_messages
2024-09-04 14:51:27,716 DEBUG   HandlerThread:160523 [handler.py:handle_request():158] handle_request: log_artifact
2024-09-04 14:51:27,759 DEBUG   HandlerThread:160523 [handler.py:handle_request():158] handle_request: partial_history
2024-09-04 14:51:28,034 DEBUG   HandlerThread:160523 [handler.py:handle_request():158] handle_request: internal_messages
2024-09-04 14:51:28,252 INFO    Thread-12 :160523 [dir_watcher.py:_on_file_created():271] file/dir created: /home/zky/AgentBoard_metasearch/agentboard/wandb/run-20240904_145047-ujavw0w4/files/media/table/scienceworld/metrics_1_88f42115c3beea8c1598.table.json
2024-09-04 14:51:28,252 INFO    Thread-12 :160523 [dir_watcher.py:_on_file_created():271] file/dir created: /home/zky/AgentBoard_metasearch/agentboard/wandb/run-20240904_145047-ujavw0w4/files/media/plotly/scienceworld/metrics_comparison_2_60afa2490c93305012c6.plotly.json
2024-09-04 14:51:28,253 INFO    Thread-12 :160523 [dir_watcher.py:_on_file_modified():288] file/dir modified: /home/zky/AgentBoard_metasearch/agentboard/wandb/run-20240904_145047-ujavw0w4/files/media
2024-09-04 14:51:28,253 INFO    Thread-12 :160523 [dir_watcher.py:_on_file_modified():288] file/dir modified: /home/zky/AgentBoard_metasearch/agentboard/wandb/run-20240904_145047-ujavw0w4/files/media/table/scienceworld
2024-09-04 14:51:28,253 INFO    Thread-12 :160523 [dir_watcher.py:_on_file_created():271] file/dir created: /home/zky/AgentBoard_metasearch/agentboard/wandb/run-20240904_145047-ujavw0w4/files/media/plotly/scienceworld
2024-09-04 14:51:28,253 INFO    Thread-12 :160523 [dir_watcher.py:_on_file_created():271] file/dir created: /home/zky/AgentBoard_metasearch/agentboard/wandb/run-20240904_145047-ujavw0w4/files/media/plotly
2024-09-04 14:51:28,289 DEBUG   HandlerThread:160523 [handler.py:handle_request():158] handle_request: partial_history
2024-09-04 14:51:28,480 ERROR   wandb-upload_2:160523 [internal_api.py:upload_file():2887] upload_file exception https://storage.googleapis.com/wandb-artifacts-prod/wandb_artifacts/420059979/1179485250/3662cda723ccc635aaf12caaca1d813c?Expires=1725519099&GoogleAccessId=gorilla-files-url-signer-man%40wandb-production.iam.gserviceaccount.com&Signature=fIV7u1ZR0NlLeyeP%2B1YJj%2B2rYkpVXkvj6osUCZYm403vuLbW7fW1n3lk3F%2Ft97hLbgMQFSHQOqOB88omG%2BSQG10t%2BN8HNC7QCoemxNLwCH1HGkX6CysrfKYuupwlm7GtQF3IUV5cnZ5OhscnXa9mXiJJ%2FXPMP97YUMzglKYWq434DB74kPBs7U6dHnuPvfVtwVDDPenPO6njcZG%2BJXOfhGjZ%2Bjg7ThGPRlGszn4ZeX9ik%2FwlWoq6jV4zwhhNMol2ekoR5vlHblqdFz7z9zABEkh3qVAmk3juY8P1GyxpZQYtXMqzNxLAYH%2FF3MHUiDrtp694gGTdHN2CWy5nqzevhQ%3D%3D: HTTPSConnectionPool(host='storage.googleapis.com', port=443): Max retries exceeded with url: /wandb-artifacts-prod/wandb_artifacts/420059979/1179485250/3662cda723ccc635aaf12caaca1d813c?Expires=1725519099&GoogleAccessId=gorilla-files-url-signer-man%40wandb-production.iam.gserviceaccount.com&Signature=fIV7u1ZR0NlLeyeP%2B1YJj%2B2rYkpVXkvj6osUCZYm403vuLbW7fW1n3lk3F%2Ft97hLbgMQFSHQOqOB88omG%2BSQG10t%2BN8HNC7QCoemxNLwCH1HGkX6CysrfKYuupwlm7GtQF3IUV5cnZ5OhscnXa9mXiJJ%2FXPMP97YUMzglKYWq434DB74kPBs7U6dHnuPvfVtwVDDPenPO6njcZG%2BJXOfhGjZ%2Bjg7ThGPRlGszn4ZeX9ik%2FwlWoq6jV4zwhhNMol2ekoR5vlHblqdFz7z9zABEkh3qVAmk3juY8P1GyxpZQYtXMqzNxLAYH%2FF3MHUiDrtp694gGTdHN2CWy5nqzevhQ%3D%3D (Caused by SSLError(SSLEOFError(8, 'EOF occurred in violation of protocol (_ssl.c:1131)')))
2024-09-04 14:51:28,480 ERROR   wandb-upload_1:160523 [internal_api.py:upload_file():2887] upload_file exception https://storage.googleapis.com/wandb-artifacts-prod/wandb_artifacts/420059979/1179485250/11a2b81c793e58fdd43dcfdcb1bfb560?Expires=1725519099&GoogleAccessId=gorilla-files-url-signer-man%40wandb-production.iam.gserviceaccount.com&Signature=DdDKxNOjUHwE3%2FmI9aXcU3cTs39gRgzJuiHxh0t2Fvy8DM1UF8adkpH2dYqfjlyeAaOhH9YhG40tvn%2BlxwVX4ZST39Aj%2FoPd%2F3NELuOj2lXhOGAHBBdN9QN2nvv9q5jChMSlWGAZO%2FzLSuI3W7UiOvvOKmzcoETfEzMLKad8iwi%2Bb90Ebpgx4e0x6wE1TSJiKmLMbk%2BVhx2TyfSXOIGZm6yNXMAyR0cX8N7inPO8ETHR8yxAY2suwHH3%2FuwVn2CeDIILL44Ii97A3MzDNh%2Bb3UOH7EqpA0ZSRopC2gv%2Bw4zQAQIkb%2FvHnQpfrkumcw51dV6mgBZWGVKukuCZ9a%2FCyQ%3D%3D: HTTPSConnectionPool(host='storage.googleapis.com', port=443): Max retries exceeded with url: /wandb-artifacts-prod/wandb_artifacts/420059979/1179485250/11a2b81c793e58fdd43dcfdcb1bfb560?Expires=1725519099&GoogleAccessId=gorilla-files-url-signer-man%40wandb-production.iam.gserviceaccount.com&Signature=DdDKxNOjUHwE3%2FmI9aXcU3cTs39gRgzJuiHxh0t2Fvy8DM1UF8adkpH2dYqfjlyeAaOhH9YhG40tvn%2BlxwVX4ZST39Aj%2FoPd%2F3NELuOj2lXhOGAHBBdN9QN2nvv9q5jChMSlWGAZO%2FzLSuI3W7UiOvvOKmzcoETfEzMLKad8iwi%2Bb90Ebpgx4e0x6wE1TSJiKmLMbk%2BVhx2TyfSXOIGZm6yNXMAyR0cX8N7inPO8ETHR8yxAY2suwHH3%2FuwVn2CeDIILL44Ii97A3MzDNh%2Bb3UOH7EqpA0ZSRopC2gv%2Bw4zQAQIkb%2FvHnQpfrkumcw51dV6mgBZWGVKukuCZ9a%2FCyQ%3D%3D (Caused by SSLError(SSLEOFError(8, 'EOF occurred in violation of protocol (_ssl.c:1131)')))
2024-09-04 14:51:28,480 ERROR   wandb-upload_2:160523 [internal_api.py:upload_file():2889] upload_file request headers: {'User-Agent': 'python-requests/2.27.1', 'Accept-Encoding': 'gzip, deflate', 'Accept': '*/*', 'Connection': 'keep-alive', 'Content-MD5': 'NmLNpyPMxjWq8Syqyh2BPA==', 'Content-Type': 'application/json', 'Content-Length': '2437'}
2024-09-04 14:51:28,481 ERROR   wandb-upload_2:160523 [internal_api.py:upload_file():2891] upload_file response body: ''
2024-09-04 14:51:28,480 ERROR   wandb-upload_1:160523 [internal_api.py:upload_file():2889] upload_file request headers: {'User-Agent': 'python-requests/2.27.1', 'Accept-Encoding': 'gzip, deflate', 'Accept': '*/*', 'Connection': 'keep-alive', 'Content-MD5': 'EaK4HHk+WP3UPc/csb+1YA==', 'Content-Type': 'text/html; charset=utf-8', 'Content-Length': '8298'}
2024-09-04 14:51:28,481 ERROR   wandb-upload_1:160523 [internal_api.py:upload_file():2891] upload_file response body: ''
2024-09-04 14:51:28,673 INFO    wandb-upload_0:160523 [upload_job.py:push():88] Uploaded file /home/zky/.local/share/wandb/artifacts/staging/tmp3y9eltx_
2024-09-04 14:51:29,033 DEBUG   HandlerThread:160523 [handler.py:handle_request():158] handle_request: internal_messages
2024-09-04 14:51:29,165 INFO    wandb-upload_4:160523 [upload_job.py:push():130] Uploaded file /tmp/tmpvx0o72prwandb/t4d6fdcu-media/plotly/scienceworld/metrics_comparison_2_60afa2490c93305012c6.plotly.json
2024-09-04 14:51:29,253 INFO    Thread-12 :160523 [dir_watcher.py:_on_file_created():271] file/dir created: /home/zky/AgentBoard_metasearch/agentboard/wandb/run-20240904_145047-ujavw0w4/files/media/plotly/scienceworld/task_reward_w.r.t_steps_3_a332fd3a8164812f9a18.plotly.json
2024-09-04 14:51:29,253 INFO    Thread-12 :160523 [dir_watcher.py:_on_file_created():271] file/dir created: /home/zky/AgentBoard_metasearch/agentboard/wandb/run-20240904_145047-ujavw0w4/files/media/plotly/scienceworld/success_rate_w.r.t_difficulty_4_0c732c50695d91d056aa.plotly.json
2024-09-04 14:51:29,253 INFO    Thread-12 :160523 [dir_watcher.py:_on_file_modified():288] file/dir modified: /home/zky/AgentBoard_metasearch/agentboard/wandb/run-20240904_145047-ujavw0w4/files/media/plotly/scienceworld
2024-09-04 14:51:29,257 DEBUG   HandlerThread:160523 [handler.py:handle_request():158] handle_request: partial_history
2024-09-04 14:51:29,257 DEBUG   HandlerThread:160523 [handler.py:handle_request():158] handle_request: partial_history
2024-09-04 14:51:29,257 DEBUG   HandlerThread:160523 [handler.py:handle_request():158] handle_request: partial_history
2024-09-04 14:51:29,367 INFO    wandb-upload_3:160523 [upload_job.py:push():130] Uploaded file /tmp/tmpvx0o72prwandb/it64zz7l-media/table/scienceworld/metrics_1_88f42115c3beea8c1598.table.json
2024-09-04 14:51:29,952 ERROR   wandb-upload_1:160523 [internal_api.py:upload_file():2887] upload_file exception https://storage.googleapis.com/wandb-artifacts-prod/wandb_artifacts/420059979/1179485250/11a2b81c793e58fdd43dcfdcb1bfb560?Expires=1725519099&GoogleAccessId=gorilla-files-url-signer-man%40wandb-production.iam.gserviceaccount.com&Signature=DdDKxNOjUHwE3%2FmI9aXcU3cTs39gRgzJuiHxh0t2Fvy8DM1UF8adkpH2dYqfjlyeAaOhH9YhG40tvn%2BlxwVX4ZST39Aj%2FoPd%2F3NELuOj2lXhOGAHBBdN9QN2nvv9q5jChMSlWGAZO%2FzLSuI3W7UiOvvOKmzcoETfEzMLKad8iwi%2Bb90Ebpgx4e0x6wE1TSJiKmLMbk%2BVhx2TyfSXOIGZm6yNXMAyR0cX8N7inPO8ETHR8yxAY2suwHH3%2FuwVn2CeDIILL44Ii97A3MzDNh%2Bb3UOH7EqpA0ZSRopC2gv%2Bw4zQAQIkb%2FvHnQpfrkumcw51dV6mgBZWGVKukuCZ9a%2FCyQ%3D%3D: HTTPSConnectionPool(host='storage.googleapis.com', port=443): Max retries exceeded with url: /wandb-artifacts-prod/wandb_artifacts/420059979/1179485250/11a2b81c793e58fdd43dcfdcb1bfb560?Expires=1725519099&GoogleAccessId=gorilla-files-url-signer-man%40wandb-production.iam.gserviceaccount.com&Signature=DdDKxNOjUHwE3%2FmI9aXcU3cTs39gRgzJuiHxh0t2Fvy8DM1UF8adkpH2dYqfjlyeAaOhH9YhG40tvn%2BlxwVX4ZST39Aj%2FoPd%2F3NELuOj2lXhOGAHBBdN9QN2nvv9q5jChMSlWGAZO%2FzLSuI3W7UiOvvOKmzcoETfEzMLKad8iwi%2Bb90Ebpgx4e0x6wE1TSJiKmLMbk%2BVhx2TyfSXOIGZm6yNXMAyR0cX8N7inPO8ETHR8yxAY2suwHH3%2FuwVn2CeDIILL44Ii97A3MzDNh%2Bb3UOH7EqpA0ZSRopC2gv%2Bw4zQAQIkb%2FvHnQpfrkumcw51dV6mgBZWGVKukuCZ9a%2FCyQ%3D%3D (Caused by SSLError(SSLEOFError(8, 'EOF occurred in violation of protocol (_ssl.c:1131)')))
2024-09-04 14:51:29,952 ERROR   wandb-upload_1:160523 [internal_api.py:upload_file():2889] upload_file request headers: {'User-Agent': 'python-requests/2.27.1', 'Accept-Encoding': 'gzip, deflate', 'Accept': '*/*', 'Connection': 'keep-alive', 'Content-MD5': 'EaK4HHk+WP3UPc/csb+1YA==', 'Content-Type': 'text/html; charset=utf-8', 'Content-Length': '8298'}
2024-09-04 14:51:29,952 ERROR   wandb-upload_1:160523 [internal_api.py:upload_file():2891] upload_file response body: ''
2024-09-04 14:51:29,952 INFO    wandb-upload_1:160523 [retry.py:__call__():172] Retry attempt failed:
Traceback (most recent call last):
  File "/home/zky/anaconda3/envs/AgentBoard/lib/python3.8/site-packages/urllib3/connectionpool.py", line 712, in urlopen
    self._prepare_proxy(conn)
  File "/home/zky/anaconda3/envs/AgentBoard/lib/python3.8/site-packages/urllib3/connectionpool.py", line 1014, in _prepare_proxy
    conn.connect()
  File "/home/zky/anaconda3/envs/AgentBoard/lib/python3.8/site-packages/urllib3/connection.py", line 419, in connect
    self.sock = ssl_wrap_socket(
  File "/home/zky/anaconda3/envs/AgentBoard/lib/python3.8/site-packages/urllib3/util/ssl_.py", line 449, in ssl_wrap_socket
    ssl_sock = _ssl_wrap_socket_impl(
  File "/home/zky/anaconda3/envs/AgentBoard/lib/python3.8/site-packages/urllib3/util/ssl_.py", line 493, in _ssl_wrap_socket_impl
    return ssl_context.wrap_socket(sock, server_hostname=server_hostname)
  File "/home/zky/anaconda3/envs/AgentBoard/lib/python3.8/ssl.py", line 500, in wrap_socket
    return self.sslsocket_class._create(
  File "/home/zky/anaconda3/envs/AgentBoard/lib/python3.8/ssl.py", line 1040, in _create
    self.do_handshake()
  File "/home/zky/anaconda3/envs/AgentBoard/lib/python3.8/ssl.py", line 1309, in do_handshake
    self._sslobj.do_handshake()
ssl.SSLEOFError: EOF occurred in violation of protocol (_ssl.c:1131)

During handling of the above exception, another exception occurred:

Traceback (most recent call last):
  File "/home/zky/anaconda3/envs/AgentBoard/lib/python3.8/site-packages/requests/adapters.py", line 440, in send
    resp = conn.urlopen(
  File "/home/zky/anaconda3/envs/AgentBoard/lib/python3.8/site-packages/urllib3/connectionpool.py", line 801, in urlopen
    retries = retries.increment(
  File "/home/zky/anaconda3/envs/AgentBoard/lib/python3.8/site-packages/urllib3/util/retry.py", line 594, in increment
    raise MaxRetryError(_pool, url, error or ResponseError(cause))
urllib3.exceptions.MaxRetryError: HTTPSConnectionPool(host='storage.googleapis.com', port=443): Max retries exceeded with url: /wandb-artifacts-prod/wandb_artifacts/420059979/1179485250/11a2b81c793e58fdd43dcfdcb1bfb560?Expires=1725519099&GoogleAccessId=gorilla-files-url-signer-man%40wandb-production.iam.gserviceaccount.com&Signature=DdDKxNOjUHwE3%2FmI9aXcU3cTs39gRgzJuiHxh0t2Fvy8DM1UF8adkpH2dYqfjlyeAaOhH9YhG40tvn%2BlxwVX4ZST39Aj%2FoPd%2F3NELuOj2lXhOGAHBBdN9QN2nvv9q5jChMSlWGAZO%2FzLSuI3W7UiOvvOKmzcoETfEzMLKad8iwi%2Bb90Ebpgx4e0x6wE1TSJiKmLMbk%2BVhx2TyfSXOIGZm6yNXMAyR0cX8N7inPO8ETHR8yxAY2suwHH3%2FuwVn2CeDIILL44Ii97A3MzDNh%2Bb3UOH7EqpA0ZSRopC2gv%2Bw4zQAQIkb%2FvHnQpfrkumcw51dV6mgBZWGVKukuCZ9a%2FCyQ%3D%3D (Caused by SSLError(SSLEOFError(8, 'EOF occurred in violation of protocol (_ssl.c:1131)')))

During handling of the above exception, another exception occurred:

Traceback (most recent call last):
  File "/home/zky/anaconda3/envs/AgentBoard/lib/python3.8/site-packages/wandb/sdk/internal/internal_api.py", line 2880, in upload_file
    response = self._upload_file_session.put(
  File "/home/zky/anaconda3/envs/AgentBoard/lib/python3.8/site-packages/requests/sessions.py", line 589, in put
    return self.request('PUT', url, data=data, **kwargs)
  File "/home/zky/anaconda3/envs/AgentBoard/lib/python3.8/site-packages/requests/sessions.py", line 529, in request
    resp = self.send(prep, **send_kwargs)
  File "/home/zky/anaconda3/envs/AgentBoard/lib/python3.8/site-packages/requests/sessions.py", line 645, in send
    r = adapter.send(request, **kwargs)
  File "/home/zky/anaconda3/envs/AgentBoard/lib/python3.8/site-packages/requests/adapters.py", line 517, in send
    raise SSLError(e, request=request)
requests.exceptions.SSLError: HTTPSConnectionPool(host='storage.googleapis.com', port=443): Max retries exceeded with url: /wandb-artifacts-prod/wandb_artifacts/420059979/1179485250/11a2b81c793e58fdd43dcfdcb1bfb560?Expires=1725519099&GoogleAccessId=gorilla-files-url-signer-man%40wandb-production.iam.gserviceaccount.com&Signature=DdDKxNOjUHwE3%2FmI9aXcU3cTs39gRgzJuiHxh0t2Fvy8DM1UF8adkpH2dYqfjlyeAaOhH9YhG40tvn%2BlxwVX4ZST39Aj%2FoPd%2F3NELuOj2lXhOGAHBBdN9QN2nvv9q5jChMSlWGAZO%2FzLSuI3W7UiOvvOKmzcoETfEzMLKad8iwi%2Bb90Ebpgx4e0x6wE1TSJiKmLMbk%2BVhx2TyfSXOIGZm6yNXMAyR0cX8N7inPO8ETHR8yxAY2suwHH3%2FuwVn2CeDIILL44Ii97A3MzDNh%2Bb3UOH7EqpA0ZSRopC2gv%2Bw4zQAQIkb%2FvHnQpfrkumcw51dV6mgBZWGVKukuCZ9a%2FCyQ%3D%3D (Caused by SSLError(SSLEOFError(8, 'EOF occurred in violation of protocol (_ssl.c:1131)')))

During handling of the above exception, another exception occurred:

Traceback (most recent call last):
  File "/home/zky/anaconda3/envs/AgentBoard/lib/python3.8/site-packages/wandb/sdk/lib/retry.py", line 131, in __call__
    result = self._call_fn(*args, **kwargs)
  File "/home/zky/anaconda3/envs/AgentBoard/lib/python3.8/site-packages/wandb/sdk/internal/internal_api.py", line 2911, in upload_file
    raise _e.with_traceback(sys.exc_info()[2])
  File "/home/zky/anaconda3/envs/AgentBoard/lib/python3.8/site-packages/wandb/sdk/internal/internal_api.py", line 2880, in upload_file
    response = self._upload_file_session.put(
  File "/home/zky/anaconda3/envs/AgentBoard/lib/python3.8/site-packages/requests/sessions.py", line 589, in put
    return self.request('PUT', url, data=data, **kwargs)
  File "/home/zky/anaconda3/envs/AgentBoard/lib/python3.8/site-packages/requests/sessions.py", line 529, in request
    resp = self.send(prep, **send_kwargs)
  File "/home/zky/anaconda3/envs/AgentBoard/lib/python3.8/site-packages/requests/sessions.py", line 645, in send
    r = adapter.send(request, **kwargs)
  File "/home/zky/anaconda3/envs/AgentBoard/lib/python3.8/site-packages/requests/adapters.py", line 517, in send
    raise SSLError(e, request=request)
wandb.sdk.lib.retry.TransientError: None
2024-09-04 14:51:29,953 DEBUG   HandlerThread:160523 [handler.py:handle_request():158] handle_request: stop_status
2024-09-04 14:51:30,033 DEBUG   HandlerThread:160523 [handler.py:handle_request():158] handle_request: internal_messages
2024-09-04 14:51:30,043 ERROR   wandb-upload_2:160523 [internal_api.py:upload_file():2887] upload_file exception https://storage.googleapis.com/wandb-artifacts-prod/wandb_artifacts/420059979/1179485250/3662cda723ccc635aaf12caaca1d813c?Expires=1725519099&GoogleAccessId=gorilla-files-url-signer-man%40wandb-production.iam.gserviceaccount.com&Signature=fIV7u1ZR0NlLeyeP%2B1YJj%2B2rYkpVXkvj6osUCZYm403vuLbW7fW1n3lk3F%2Ft97hLbgMQFSHQOqOB88omG%2BSQG10t%2BN8HNC7QCoemxNLwCH1HGkX6CysrfKYuupwlm7GtQF3IUV5cnZ5OhscnXa9mXiJJ%2FXPMP97YUMzglKYWq434DB74kPBs7U6dHnuPvfVtwVDDPenPO6njcZG%2BJXOfhGjZ%2Bjg7ThGPRlGszn4ZeX9ik%2FwlWoq6jV4zwhhNMol2ekoR5vlHblqdFz7z9zABEkh3qVAmk3juY8P1GyxpZQYtXMqzNxLAYH%2FF3MHUiDrtp694gGTdHN2CWy5nqzevhQ%3D%3D: HTTPSConnectionPool(host='storage.googleapis.com', port=443): Max retries exceeded with url: /wandb-artifacts-prod/wandb_artifacts/420059979/1179485250/3662cda723ccc635aaf12caaca1d813c?Expires=1725519099&GoogleAccessId=gorilla-files-url-signer-man%40wandb-production.iam.gserviceaccount.com&Signature=fIV7u1ZR0NlLeyeP%2B1YJj%2B2rYkpVXkvj6osUCZYm403vuLbW7fW1n3lk3F%2Ft97hLbgMQFSHQOqOB88omG%2BSQG10t%2BN8HNC7QCoemxNLwCH1HGkX6CysrfKYuupwlm7GtQF3IUV5cnZ5OhscnXa9mXiJJ%2FXPMP97YUMzglKYWq434DB74kPBs7U6dHnuPvfVtwVDDPenPO6njcZG%2BJXOfhGjZ%2Bjg7ThGPRlGszn4ZeX9ik%2FwlWoq6jV4zwhhNMol2ekoR5vlHblqdFz7z9zABEkh3qVAmk3juY8P1GyxpZQYtXMqzNxLAYH%2FF3MHUiDrtp694gGTdHN2CWy5nqzevhQ%3D%3D (Caused by SSLError(SSLEOFError(8, 'EOF occurred in violation of protocol (_ssl.c:1131)')))
2024-09-04 14:51:30,043 ERROR   wandb-upload_2:160523 [internal_api.py:upload_file():2889] upload_file request headers: {'User-Agent': 'python-requests/2.27.1', 'Accept-Encoding': 'gzip, deflate', 'Accept': '*/*', 'Connection': 'keep-alive', 'Content-MD5': 'NmLNpyPMxjWq8Syqyh2BPA==', 'Content-Type': 'application/json', 'Content-Length': '2437'}
2024-09-04 14:51:30,043 ERROR   wandb-upload_2:160523 [internal_api.py:upload_file():2891] upload_file response body: ''
2024-09-04 14:51:30,043 INFO    wandb-upload_2:160523 [retry.py:__call__():172] Retry attempt failed:
Traceback (most recent call last):
  File "/home/zky/anaconda3/envs/AgentBoard/lib/python3.8/site-packages/urllib3/connectionpool.py", line 712, in urlopen
    self._prepare_proxy(conn)
  File "/home/zky/anaconda3/envs/AgentBoard/lib/python3.8/site-packages/urllib3/connectionpool.py", line 1014, in _prepare_proxy
    conn.connect()
  File "/home/zky/anaconda3/envs/AgentBoard/lib/python3.8/site-packages/urllib3/connection.py", line 419, in connect
    self.sock = ssl_wrap_socket(
  File "/home/zky/anaconda3/envs/AgentBoard/lib/python3.8/site-packages/urllib3/util/ssl_.py", line 449, in ssl_wrap_socket
    ssl_sock = _ssl_wrap_socket_impl(
  File "/home/zky/anaconda3/envs/AgentBoard/lib/python3.8/site-packages/urllib3/util/ssl_.py", line 493, in _ssl_wrap_socket_impl
    return ssl_context.wrap_socket(sock, server_hostname=server_hostname)
  File "/home/zky/anaconda3/envs/AgentBoard/lib/python3.8/ssl.py", line 500, in wrap_socket
    return self.sslsocket_class._create(
  File "/home/zky/anaconda3/envs/AgentBoard/lib/python3.8/ssl.py", line 1040, in _create
    self.do_handshake()
  File "/home/zky/anaconda3/envs/AgentBoard/lib/python3.8/ssl.py", line 1309, in do_handshake
    self._sslobj.do_handshake()
ssl.SSLEOFError: EOF occurred in violation of protocol (_ssl.c:1131)

During handling of the above exception, another exception occurred:

Traceback (most recent call last):
  File "/home/zky/anaconda3/envs/AgentBoard/lib/python3.8/site-packages/requests/adapters.py", line 440, in send
    resp = conn.urlopen(
  File "/home/zky/anaconda3/envs/AgentBoard/lib/python3.8/site-packages/urllib3/connectionpool.py", line 801, in urlopen
    retries = retries.increment(
  File "/home/zky/anaconda3/envs/AgentBoard/lib/python3.8/site-packages/urllib3/util/retry.py", line 594, in increment
    raise MaxRetryError(_pool, url, error or ResponseError(cause))
urllib3.exceptions.MaxRetryError: HTTPSConnectionPool(host='storage.googleapis.com', port=443): Max retries exceeded with url: /wandb-artifacts-prod/wandb_artifacts/420059979/1179485250/3662cda723ccc635aaf12caaca1d813c?Expires=1725519099&GoogleAccessId=gorilla-files-url-signer-man%40wandb-production.iam.gserviceaccount.com&Signature=fIV7u1ZR0NlLeyeP%2B1YJj%2B2rYkpVXkvj6osUCZYm403vuLbW7fW1n3lk3F%2Ft97hLbgMQFSHQOqOB88omG%2BSQG10t%2BN8HNC7QCoemxNLwCH1HGkX6CysrfKYuupwlm7GtQF3IUV5cnZ5OhscnXa9mXiJJ%2FXPMP97YUMzglKYWq434DB74kPBs7U6dHnuPvfVtwVDDPenPO6njcZG%2BJXOfhGjZ%2Bjg7ThGPRlGszn4ZeX9ik%2FwlWoq6jV4zwhhNMol2ekoR5vlHblqdFz7z9zABEkh3qVAmk3juY8P1GyxpZQYtXMqzNxLAYH%2FF3MHUiDrtp694gGTdHN2CWy5nqzevhQ%3D%3D (Caused by SSLError(SSLEOFError(8, 'EOF occurred in violation of protocol (_ssl.c:1131)')))

During handling of the above exception, another exception occurred:

Traceback (most recent call last):
  File "/home/zky/anaconda3/envs/AgentBoard/lib/python3.8/site-packages/wandb/sdk/internal/internal_api.py", line 2880, in upload_file
    response = self._upload_file_session.put(
  File "/home/zky/anaconda3/envs/AgentBoard/lib/python3.8/site-packages/requests/sessions.py", line 589, in put
    return self.request('PUT', url, data=data, **kwargs)
  File "/home/zky/anaconda3/envs/AgentBoard/lib/python3.8/site-packages/requests/sessions.py", line 529, in request
    resp = self.send(prep, **send_kwargs)
  File "/home/zky/anaconda3/envs/AgentBoard/lib/python3.8/site-packages/requests/sessions.py", line 645, in send
    r = adapter.send(request, **kwargs)
  File "/home/zky/anaconda3/envs/AgentBoard/lib/python3.8/site-packages/requests/adapters.py", line 517, in send
    raise SSLError(e, request=request)
requests.exceptions.SSLError: HTTPSConnectionPool(host='storage.googleapis.com', port=443): Max retries exceeded with url: /wandb-artifacts-prod/wandb_artifacts/420059979/1179485250/3662cda723ccc635aaf12caaca1d813c?Expires=1725519099&GoogleAccessId=gorilla-files-url-signer-man%40wandb-production.iam.gserviceaccount.com&Signature=fIV7u1ZR0NlLeyeP%2B1YJj%2B2rYkpVXkvj6osUCZYm403vuLbW7fW1n3lk3F%2Ft97hLbgMQFSHQOqOB88omG%2BSQG10t%2BN8HNC7QCoemxNLwCH1HGkX6CysrfKYuupwlm7GtQF3IUV5cnZ5OhscnXa9mXiJJ%2FXPMP97YUMzglKYWq434DB74kPBs7U6dHnuPvfVtwVDDPenPO6njcZG%2BJXOfhGjZ%2Bjg7ThGPRlGszn4ZeX9ik%2FwlWoq6jV4zwhhNMol2ekoR5vlHblqdFz7z9zABEkh3qVAmk3juY8P1GyxpZQYtXMqzNxLAYH%2FF3MHUiDrtp694gGTdHN2CWy5nqzevhQ%3D%3D (Caused by SSLError(SSLEOFError(8, 'EOF occurred in violation of protocol (_ssl.c:1131)')))

During handling of the above exception, another exception occurred:

Traceback (most recent call last):
  File "/home/zky/anaconda3/envs/AgentBoard/lib/python3.8/site-packages/wandb/sdk/lib/retry.py", line 131, in __call__
    result = self._call_fn(*args, **kwargs)
  File "/home/zky/anaconda3/envs/AgentBoard/lib/python3.8/site-packages/wandb/sdk/internal/internal_api.py", line 2911, in upload_file
    raise _e.with_traceback(sys.exc_info()[2])
  File "/home/zky/anaconda3/envs/AgentBoard/lib/python3.8/site-packages/wandb/sdk/internal/internal_api.py", line 2880, in upload_file
    response = self._upload_file_session.put(
  File "/home/zky/anaconda3/envs/AgentBoard/lib/python3.8/site-packages/requests/sessions.py", line 589, in put
    return self.request('PUT', url, data=data, **kwargs)
  File "/home/zky/anaconda3/envs/AgentBoard/lib/python3.8/site-packages/requests/sessions.py", line 529, in request
    resp = self.send(prep, **send_kwargs)
  File "/home/zky/anaconda3/envs/AgentBoard/lib/python3.8/site-packages/requests/sessions.py", line 645, in send
    r = adapter.send(request, **kwargs)
  File "/home/zky/anaconda3/envs/AgentBoard/lib/python3.8/site-packages/requests/adapters.py", line 517, in send
    raise SSLError(e, request=request)
wandb.sdk.lib.retry.TransientError: None
2024-09-04 14:51:30,233 INFO    wandb-upload_4:160523 [upload_job.py:push():130] Uploaded file /tmp/tmpvx0o72prwandb/n588wgf2-media/plotly/scienceworld/success_rate_w.r.t_difficulty_4_0c732c50695d91d056aa.plotly.json
2024-09-04 14:51:30,253 INFO    Thread-12 :160523 [dir_watcher.py:_on_file_created():271] file/dir created: /home/zky/AgentBoard_metasearch/agentboard/wandb/run-20240904_145047-ujavw0w4/files/media/plotly/scienceworld/progress_score_w.r.t_difficulty_5_61751bf3cd1f5ccea4a8.plotly.json
2024-09-04 14:51:30,303 INFO    wandb-upload_0:160523 [upload_job.py:push():130] Uploaded file /tmp/tmpvx0o72prwandb/74p0to8y-media/plotly/scienceworld/task_reward_w.r.t_steps_3_a332fd3a8164812f9a18.plotly.json
2024-09-04 14:51:31,034 DEBUG   HandlerThread:160523 [handler.py:handle_request():158] handle_request: internal_messages
2024-09-04 14:51:31,213 INFO    wandb-upload_3:160523 [upload_job.py:push():130] Uploaded file /tmp/tmpvx0o72prwandb/nq2dla2j-media/plotly/scienceworld/progress_score_w.r.t_difficulty_5_61751bf3cd1f5ccea4a8.plotly.json
2024-09-04 14:51:32,033 DEBUG   HandlerThread:160523 [handler.py:handle_request():158] handle_request: internal_messages
2024-09-04 14:51:32,512 DEBUG   HandlerThread:160523 [handler.py:handle_request():158] handle_request: log_artifact
2024-09-04 14:51:32,569 DEBUG   HandlerThread:160523 [handler.py:handle_request():158] handle_request: partial_history
2024-09-04 14:51:32,628 INFO    wandb-upload_2:160523 [upload_job.py:push():88] Uploaded file /home/zky/.local/share/wandb/artifacts/staging/tmp4sng0zim
2024-09-04 14:51:32,713 DEBUG   HandlerThread:160523 [handler.py:handle_request():158] handle_request: partial_history
2024-09-04 14:51:32,854 INFO    wandb-upload_1:160523 [upload_job.py:push():88] Uploaded file /home/zky/.local/share/wandb/artifacts/staging/tmp0z6vqsrq
2024-09-04 14:51:32,876 DEBUG   HandlerThread:160523 [handler.py:handle_request():158] handle_request: partial_history
2024-09-04 14:51:33,255 INFO    Thread-12 :160523 [dir_watcher.py:_on_file_created():271] file/dir created: /home/zky/AgentBoard_metasearch/agentboard/wandb/run-20240904_145047-ujavw0w4/files/media/html/summary/agent_abilities_8_d3e831c6e3432429c694.html
2024-09-04 14:51:33,256 INFO    Thread-12 :160523 [dir_watcher.py:_on_file_created():271] file/dir created: /home/zky/AgentBoard_metasearch/agentboard/wandb/run-20240904_145047-ujavw0w4/files/media/table/summary/metrics_6_d4741b5694b273a13228.table.json
2024-09-04 14:51:33,256 INFO    Thread-12 :160523 [dir_watcher.py:_on_file_created():271] file/dir created: /home/zky/AgentBoard_metasearch/agentboard/wandb/run-20240904_145047-ujavw0w4/files/media/html/summary/all_results_7_1ca6083c35a738a0fb71.html
2024-09-04 14:51:33,256 INFO    Thread-12 :160523 [dir_watcher.py:_on_file_modified():288] file/dir modified: /home/zky/AgentBoard_metasearch/agentboard/wandb/run-20240904_145047-ujavw0w4/files/media
2024-09-04 14:51:33,256 INFO    Thread-12 :160523 [dir_watcher.py:_on_file_modified():288] file/dir modified: /home/zky/AgentBoard_metasearch/agentboard/wandb/run-20240904_145047-ujavw0w4/files/media/table
2024-09-04 14:51:33,256 INFO    Thread-12 :160523 [dir_watcher.py:_on_file_created():271] file/dir created: /home/zky/AgentBoard_metasearch/agentboard/wandb/run-20240904_145047-ujavw0w4/files/media/html
2024-09-04 14:51:33,257 INFO    Thread-12 :160523 [dir_watcher.py:_on_file_created():271] file/dir created: /home/zky/AgentBoard_metasearch/agentboard/wandb/run-20240904_145047-ujavw0w4/files/media/table/summary
2024-09-04 14:51:33,257 INFO    Thread-12 :160523 [dir_watcher.py:_on_file_created():271] file/dir created: /home/zky/AgentBoard_metasearch/agentboard/wandb/run-20240904_145047-ujavw0w4/files/media/html/summary
2024-09-04 14:51:33,878 DEBUG   HandlerThread:160523 [handler.py:handle_request():158] handle_request: poll_exit
2024-09-04 14:51:35,326 INFO    SenderThread:160523 [sender.py:send_request_log_artifact():1537] logged artifact run-ujavw0w4-scienceworldpredictions - {'id': 'QXJ0aWZhY3Q6MTE3OTQ4NTI1MA==', 'state': 'PENDING', 'artifactSequence': {'id': 'QXJ0aWZhY3RDb2xsZWN0aW9uOjQyMDA1OTk3OQ==', 'latestArtifact': None}}
2024-09-04 14:51:35,326 DEBUG   SenderThread:160523 [sender.py:send():391] send: files
2024-09-04 14:51:35,328 DEBUG   HandlerThread:160523 [handler.py:handle_request():158] handle_request: status_report
2024-09-04 14:51:35,330 INFO    SenderThread:160523 [sender.py:_save_file():1466] saving file media/table/scienceworld/predictions_0_18c2672dade1c04ad8ff.table.json with policy now
2024-09-04 14:51:35,331 DEBUG   SenderThread:160523 [sender.py:send():391] send: history
2024-09-04 14:51:35,332 DEBUG   SenderThread:160523 [sender.py:send_request():418] send_request: summary_record
2024-09-04 14:51:35,334 INFO    SenderThread:160523 [sender.py:_save_file():1466] saving file wandb-summary.json with policy end
2024-09-04 14:51:35,336 DEBUG   SenderThread:160523 [sender.py:send_request():418] send_request: log_artifact
2024-09-04 14:51:36,257 INFO    Thread-12 :160523 [dir_watcher.py:_on_file_modified():288] file/dir modified: /home/zky/AgentBoard_metasearch/agentboard/wandb/run-20240904_145047-ujavw0w4/files/output.log
2024-09-04 14:51:36,258 INFO    Thread-12 :160523 [dir_watcher.py:_on_file_created():271] file/dir created: /home/zky/AgentBoard_metasearch/agentboard/wandb/run-20240904_145047-ujavw0w4/files/wandb-summary.json
2024-09-04 14:51:36,569 INFO    wandb-upload_0:160523 [upload_job.py:push():130] Uploaded file /tmp/tmpvx0o72prwandb/mcq1wnw6-media/table/summary/metrics_6_d4741b5694b273a13228.table.json
2024-09-04 14:51:38,234 INFO    wandb-upload_1:160523 [upload_job.py:push():130] Uploaded file /tmp/tmpvx0o72prwandb/zc23z75t-media/table/scienceworld/predictions_0_18c2672dade1c04ad8ff.table.json
2024-09-04 14:51:38,258 INFO    Thread-12 :160523 [dir_watcher.py:_on_file_modified():288] file/dir modified: /home/zky/AgentBoard_metasearch/agentboard/wandb/run-20240904_145047-ujavw0w4/files/output.log
2024-09-04 14:51:38,880 DEBUG   HandlerThread:160523 [handler.py:handle_request():158] handle_request: keepalive
2024-09-04 14:51:38,998 INFO    wandb-upload_4:160523 [upload_job.py:push():130] Uploaded file /tmp/tmpvx0o72prwandb/tirej3g7-media/html/summary/agent_abilities_8_d3e831c6e3432429c694.html
2024-09-04 14:51:39,389 INFO    wandb-upload_2:160523 [upload_job.py:push():88] Uploaded file /home/zky/.local/share/wandb/artifacts/staging/tmp0wkfn_k8
2024-09-04 14:51:40,185 INFO    wandb-upload_3:160523 [upload_job.py:push():130] Uploaded file /tmp/tmpvx0o72prwandb/n36rhltf-media/html/summary/all_results_7_1ca6083c35a738a0fb71.html
2024-09-04 14:51:40,659 INFO    SenderThread:160523 [sender.py:send_request_log_artifact():1537] logged artifact run-ujavw0w4-scienceworldmetrics - {'id': 'QXJ0aWZhY3Q6MTE3OTQ4NTQzMQ==', 'state': 'PENDING', 'artifactSequence': {'id': 'QXJ0aWZhY3RDb2xsZWN0aW9uOjQyMDA2MDA1MQ==', 'latestArtifact': None}}
2024-09-04 14:51:40,659 DEBUG   SenderThread:160523 [sender.py:send():391] send: files
2024-09-04 14:51:40,659 DEBUG   HandlerThread:160523 [handler.py:handle_request():158] handle_request: status_report
2024-09-04 14:51:40,660 INFO    SenderThread:160523 [sender.py:_save_file():1466] saving file media/table/scienceworld/metrics_1_88f42115c3beea8c1598.table.json with policy now
2024-09-04 14:51:40,660 DEBUG   SenderThread:160523 [sender.py:send():391] send: history
2024-09-04 14:51:40,660 DEBUG   SenderThread:160523 [sender.py:send_request():418] send_request: summary_record
2024-09-04 14:51:40,662 INFO    SenderThread:160523 [sender.py:_save_file():1466] saving file wandb-summary.json with policy end
2024-09-04 14:51:40,662 DEBUG   SenderThread:160523 [sender.py:send():391] send: files
2024-09-04 14:51:40,663 INFO    SenderThread:160523 [sender.py:_save_file():1466] saving file media/plotly/scienceworld/metrics_comparison_2_60afa2490c93305012c6.plotly.json with policy now
2024-09-04 14:51:40,663 DEBUG   SenderThread:160523 [sender.py:send():391] send: history
2024-09-04 14:51:40,663 DEBUG   SenderThread:160523 [sender.py:send_request():418] send_request: summary_record
2024-09-04 14:51:40,664 INFO    SenderThread:160523 [sender.py:_save_file():1466] saving file wandb-summary.json with policy end
2024-09-04 14:51:40,664 DEBUG   SenderThread:160523 [sender.py:send():391] send: files
2024-09-04 14:51:40,664 INFO    SenderThread:160523 [sender.py:_save_file():1466] saving file media/plotly/scienceworld/task_reward_w.r.t_steps_3_a332fd3a8164812f9a18.plotly.json with policy now
2024-09-04 14:51:40,664 DEBUG   SenderThread:160523 [sender.py:send():391] send: history
2024-09-04 14:51:40,664 DEBUG   SenderThread:160523 [sender.py:send_request():418] send_request: summary_record
2024-09-04 14:51:40,664 INFO    SenderThread:160523 [sender.py:_save_file():1466] saving file wandb-summary.json with policy end
2024-09-04 14:51:40,664 DEBUG   SenderThread:160523 [sender.py:send():391] send: files
2024-09-04 14:51:40,665 INFO    SenderThread:160523 [sender.py:_save_file():1466] saving file media/plotly/scienceworld/success_rate_w.r.t_difficulty_4_0c732c50695d91d056aa.plotly.json with policy now
2024-09-04 14:51:40,665 DEBUG   SenderThread:160523 [sender.py:send():391] send: history
2024-09-04 14:51:40,665 DEBUG   SenderThread:160523 [sender.py:send_request():418] send_request: summary_record
2024-09-04 14:51:40,668 INFO    SenderThread:160523 [sender.py:_save_file():1466] saving file wandb-summary.json with policy end
2024-09-04 14:51:40,668 DEBUG   SenderThread:160523 [sender.py:send():391] send: files
2024-09-04 14:51:40,668 INFO    SenderThread:160523 [sender.py:_save_file():1466] saving file media/plotly/scienceworld/progress_score_w.r.t_difficulty_5_61751bf3cd1f5ccea4a8.plotly.json with policy now
2024-09-04 14:51:40,669 DEBUG   SenderThread:160523 [sender.py:send():391] send: history
2024-09-04 14:51:40,669 DEBUG   SenderThread:160523 [sender.py:send_request():418] send_request: summary_record
2024-09-04 14:51:40,671 INFO    SenderThread:160523 [sender.py:_save_file():1466] saving file wandb-summary.json with policy end
2024-09-04 14:51:40,672 DEBUG   SenderThread:160523 [sender.py:send_request():418] send_request: stop_status
2024-09-04 14:51:41,156 DEBUG   SenderThread:160523 [sender.py:send_request():418] send_request: log_artifact
2024-09-04 14:51:41,260 INFO    Thread-12 :160523 [dir_watcher.py:_on_file_modified():288] file/dir modified: /home/zky/AgentBoard_metasearch/agentboard/wandb/run-20240904_145047-ujavw0w4/files/wandb-summary.json
2024-09-04 14:51:41,792 INFO    wandb-upload_3:160523 [upload_job.py:push():130] Uploaded file /tmp/tmpvx0o72prwandb/y3s0p6aj-media/plotly/scienceworld/task_reward_w.r.t_steps_3_a332fd3a8164812f9a18.plotly.json
2024-09-04 14:51:41,793 INFO    wandb-upload_2:160523 [upload_job.py:push():130] Uploaded file /tmp/tmpvx0o72prwandb/nnrp6puo-media/plotly/scienceworld/success_rate_w.r.t_difficulty_4_0c732c50695d91d056aa.plotly.json
2024-09-04 14:51:41,794 INFO    wandb-upload_0:160523 [upload_job.py:push():130] Uploaded file /tmp/tmpvx0o72prwandb/m2mw638s-media/table/scienceworld/metrics_1_88f42115c3beea8c1598.table.json
2024-09-04 14:51:42,261 INFO    Thread-12 :160523 [dir_watcher.py:_on_file_modified():288] file/dir modified: /home/zky/AgentBoard_metasearch/agentboard/wandb/run-20240904_145047-ujavw0w4/files/output.log
2024-09-04 14:51:42,526 INFO    wandb-upload_4:160523 [upload_job.py:push():130] Uploaded file /tmp/tmpvx0o72prwandb/x5quns79-media/plotly/scienceworld/metrics_comparison_2_60afa2490c93305012c6.plotly.json
2024-09-04 14:51:42,793 INFO    wandb-upload_1:160523 [upload_job.py:push():130] Uploaded file /tmp/tmpvx0o72prwandb/mfiiz737-media/plotly/scienceworld/progress_score_w.r.t_difficulty_5_61751bf3cd1f5ccea4a8.plotly.json
2024-09-04 14:51:43,283 INFO    wandb-upload_3:160523 [upload_job.py:push():88] Uploaded file /home/zky/.local/share/wandb/artifacts/staging/tmpzmp3jtzn
2024-09-04 14:51:43,881 DEBUG   HandlerThread:160523 [handler.py:handle_request():158] handle_request: keepalive
2024-09-04 14:51:45,394 INFO    SenderThread:160523 [sender.py:send_request_log_artifact():1537] logged artifact run-ujavw0w4-summarymetrics - {'id': 'QXJ0aWZhY3Q6MTE3OTQ4NTUzOA==', 'state': 'PENDING', 'artifactSequence': {'id': 'QXJ0aWZhY3RDb2xsZWN0aW9uOjQyMDA2MDA5NQ==', 'latestArtifact': None}}
2024-09-04 14:51:45,395 DEBUG   SenderThread:160523 [sender.py:send():391] send: files
2024-09-04 14:51:45,395 INFO    SenderThread:160523 [sender.py:_save_file():1466] saving file media/table/summary/metrics_6_d4741b5694b273a13228.table.json with policy now
2024-09-04 14:51:45,395 DEBUG   SenderThread:160523 [sender.py:send():391] send: history
2024-09-04 14:51:45,395 DEBUG   SenderThread:160523 [sender.py:send_request():418] send_request: summary_record
2024-09-04 14:51:45,398 INFO    SenderThread:160523 [sender.py:_save_file():1466] saving file wandb-summary.json with policy end
2024-09-04 14:51:45,398 DEBUG   SenderThread:160523 [sender.py:send():391] send: files
2024-09-04 14:51:45,398 INFO    SenderThread:160523 [sender.py:_save_file():1466] saving file media/html/summary/all_results_7_1ca6083c35a738a0fb71.html with policy now
2024-09-04 14:51:45,398 DEBUG   SenderThread:160523 [sender.py:send():391] send: history
2024-09-04 14:51:45,398 DEBUG   SenderThread:160523 [sender.py:send_request():418] send_request: summary_record
2024-09-04 14:51:45,402 INFO    SenderThread:160523 [sender.py:_save_file():1466] saving file wandb-summary.json with policy end
2024-09-04 14:51:45,402 DEBUG   SenderThread:160523 [sender.py:send():391] send: files
2024-09-04 14:51:45,402 INFO    SenderThread:160523 [sender.py:_save_file():1466] saving file media/html/summary/agent_abilities_8_d3e831c6e3432429c694.html with policy now
2024-09-04 14:51:45,402 DEBUG   SenderThread:160523 [sender.py:send():391] send: history
2024-09-04 14:51:45,402 DEBUG   SenderThread:160523 [sender.py:send_request():418] send_request: summary_record
2024-09-04 14:51:45,402 INFO    SenderThread:160523 [sender.py:_save_file():1466] saving file wandb-summary.json with policy end
2024-09-04 14:51:45,402 DEBUG   SenderThread:160523 [sender.py:send():391] send: exit
2024-09-04 14:51:45,402 INFO    SenderThread:160523 [sender.py:send_exit():598] handling exit code: 0
2024-09-04 14:51:45,403 INFO    SenderThread:160523 [sender.py:send_exit():600] handling runtime: 43
2024-09-04 14:51:45,403 INFO    SenderThread:160523 [sender.py:_save_file():1466] saving file wandb-summary.json with policy end
2024-09-04 14:51:45,403 INFO    SenderThread:160523 [sender.py:send_exit():606] send defer
2024-09-04 14:51:45,403 DEBUG   SenderThread:160523 [sender.py:send_request():418] send_request: poll_exit
2024-09-04 14:51:45,403 DEBUG   HandlerThread:160523 [handler.py:handle_request():158] handle_request: defer
2024-09-04 14:51:45,403 INFO    HandlerThread:160523 [handler.py:handle_request_defer():184] handle defer: 0
2024-09-04 14:51:45,404 DEBUG   SenderThread:160523 [sender.py:send_request():418] send_request: defer
2024-09-04 14:51:45,404 INFO    SenderThread:160523 [sender.py:send_request_defer():622] handle sender defer: 0
2024-09-04 14:51:45,404 INFO    SenderThread:160523 [sender.py:transition_state():626] send defer: 1
2024-09-04 14:51:45,404 DEBUG   HandlerThread:160523 [handler.py:handle_request():158] handle_request: defer
2024-09-04 14:51:45,404 INFO    HandlerThread:160523 [handler.py:handle_request_defer():184] handle defer: 1
2024-09-04 14:51:45,406 DEBUG   SenderThread:160523 [sender.py:send_request():418] send_request: defer
2024-09-04 14:51:45,406 INFO    SenderThread:160523 [sender.py:send_request_defer():622] handle sender defer: 1
2024-09-04 14:51:45,406 INFO    SenderThread:160523 [sender.py:transition_state():626] send defer: 2
2024-09-04 14:51:45,407 DEBUG   HandlerThread:160523 [handler.py:handle_request():158] handle_request: defer
2024-09-04 14:51:45,407 INFO    HandlerThread:160523 [handler.py:handle_request_defer():184] handle defer: 2
2024-09-04 14:51:45,407 INFO    HandlerThread:160523 [system_monitor.py:finish():203] Stopping system monitor
2024-09-04 14:51:45,407 DEBUG   SystemMonitor:160523 [system_monitor.py:_start():172] Starting system metrics aggregation loop
2024-09-04 14:51:45,408 INFO    HandlerThread:160523 [interfaces.py:finish():200] Joined cpu monitor
2024-09-04 14:51:45,408 DEBUG   SystemMonitor:160523 [system_monitor.py:_start():179] Finished system metrics aggregation loop
2024-09-04 14:51:45,408 INFO    HandlerThread:160523 [interfaces.py:finish():200] Joined disk monitor
2024-09-04 14:51:45,409 DEBUG   SystemMonitor:160523 [system_monitor.py:_start():183] Publishing last batch of metrics
2024-09-04 14:51:45,421 INFO    HandlerThread:160523 [interfaces.py:finish():200] Joined gpu monitor
2024-09-04 14:51:45,421 INFO    HandlerThread:160523 [interfaces.py:finish():200] Joined memory monitor
2024-09-04 14:51:45,422 INFO    HandlerThread:160523 [interfaces.py:finish():200] Joined network monitor
2024-09-04 14:51:45,422 DEBUG   SenderThread:160523 [sender.py:send_request():418] send_request: defer
2024-09-04 14:51:45,422 INFO    SenderThread:160523 [sender.py:send_request_defer():622] handle sender defer: 2
2024-09-04 14:51:45,422 INFO    SenderThread:160523 [sender.py:transition_state():626] send defer: 3
2024-09-04 14:51:45,423 DEBUG   HandlerThread:160523 [handler.py:handle_request():158] handle_request: defer
2024-09-04 14:51:45,423 DEBUG   SenderThread:160523 [sender.py:send():391] send: stats
2024-09-04 14:51:45,423 INFO    HandlerThread:160523 [handler.py:handle_request_defer():184] handle defer: 3
2024-09-04 14:51:45,423 DEBUG   SenderThread:160523 [sender.py:send_request():418] send_request: defer
2024-09-04 14:51:45,423 INFO    SenderThread:160523 [sender.py:send_request_defer():622] handle sender defer: 3
2024-09-04 14:51:45,423 INFO    SenderThread:160523 [sender.py:transition_state():626] send defer: 4
2024-09-04 14:51:45,424 DEBUG   HandlerThread:160523 [handler.py:handle_request():158] handle_request: defer
2024-09-04 14:51:45,424 INFO    HandlerThread:160523 [handler.py:handle_request_defer():184] handle defer: 4
2024-09-04 14:51:45,424 DEBUG   SenderThread:160523 [sender.py:send_request():418] send_request: defer
2024-09-04 14:51:45,424 INFO    SenderThread:160523 [sender.py:send_request_defer():622] handle sender defer: 4
2024-09-04 14:51:45,424 INFO    SenderThread:160523 [sender.py:transition_state():626] send defer: 5
2024-09-04 14:51:45,424 DEBUG   HandlerThread:160523 [handler.py:handle_request():158] handle_request: defer
2024-09-04 14:51:45,424 INFO    HandlerThread:160523 [handler.py:handle_request_defer():184] handle defer: 5
2024-09-04 14:51:45,425 DEBUG   SenderThread:160523 [sender.py:send():391] send: summary
2024-09-04 14:51:45,425 INFO    SenderThread:160523 [sender.py:_save_file():1466] saving file wandb-summary.json with policy end
2024-09-04 14:51:45,425 DEBUG   SenderThread:160523 [sender.py:send_request():418] send_request: defer
2024-09-04 14:51:45,425 INFO    SenderThread:160523 [sender.py:send_request_defer():622] handle sender defer: 5
2024-09-04 14:51:45,425 INFO    SenderThread:160523 [sender.py:transition_state():626] send defer: 6
2024-09-04 14:51:45,425 DEBUG   HandlerThread:160523 [handler.py:handle_request():158] handle_request: defer
2024-09-04 14:51:45,426 INFO    HandlerThread:160523 [handler.py:handle_request_defer():184] handle defer: 6
2024-09-04 14:51:45,426 DEBUG   SenderThread:160523 [sender.py:send_request():418] send_request: defer
2024-09-04 14:51:45,426 INFO    SenderThread:160523 [sender.py:send_request_defer():622] handle sender defer: 6
2024-09-04 14:51:45,426 INFO    SenderThread:160523 [sender.py:transition_state():626] send defer: 7
2024-09-04 14:51:45,426 DEBUG   HandlerThread:160523 [handler.py:handle_request():158] handle_request: status_report
2024-09-04 14:51:45,426 DEBUG   HandlerThread:160523 [handler.py:handle_request():158] handle_request: defer
2024-09-04 14:51:45,426 INFO    HandlerThread:160523 [handler.py:handle_request_defer():184] handle defer: 7
2024-09-04 14:51:45,426 DEBUG   SenderThread:160523 [sender.py:send_request():418] send_request: defer
2024-09-04 14:51:45,426 INFO    SenderThread:160523 [sender.py:send_request_defer():622] handle sender defer: 7
2024-09-04 14:51:45,882 DEBUG   HandlerThread:160523 [handler.py:handle_request():158] handle_request: poll_exit
2024-09-04 14:51:46,263 INFO    Thread-12 :160523 [dir_watcher.py:_on_file_modified():288] file/dir modified: /home/zky/AgentBoard_metasearch/agentboard/wandb/run-20240904_145047-ujavw0w4/files/wandb-summary.json
2024-09-04 14:51:47,351 INFO    SenderThread:160523 [sender.py:transition_state():626] send defer: 8
2024-09-04 14:51:47,351 DEBUG   SenderThread:160523 [sender.py:send_request():418] send_request: poll_exit
2024-09-04 14:51:47,351 DEBUG   HandlerThread:160523 [handler.py:handle_request():158] handle_request: defer
2024-09-04 14:51:47,351 INFO    HandlerThread:160523 [handler.py:handle_request_defer():184] handle defer: 8
2024-09-04 14:51:47,352 DEBUG   SenderThread:160523 [sender.py:send_request():418] send_request: defer
2024-09-04 14:51:47,352 INFO    SenderThread:160523 [sender.py:send_request_defer():622] handle sender defer: 8
2024-09-04 14:51:47,352 INFO    SenderThread:160523 [job_builder.py:build():440] Attempting to build job artifact
2024-09-04 14:51:47,352 INFO    SenderThread:160523 [job_builder.py:_get_source_type():569] is repo sourced job
2024-09-04 14:51:47,354 INFO    SenderThread:160523 [job_builder.py:build():545] adding wandb-job metadata file
2024-09-04 14:51:47,359 INFO    SenderThread:160523 [sender.py:transition_state():626] send defer: 9
2024-09-04 14:51:47,359 DEBUG   HandlerThread:160523 [handler.py:handle_request():158] handle_request: defer
2024-09-04 14:51:47,360 INFO    HandlerThread:160523 [handler.py:handle_request_defer():184] handle defer: 9
2024-09-04 14:51:47,360 DEBUG   SenderThread:160523 [sender.py:send():391] send: artifact
2024-09-04 14:51:47,547 INFO    wandb-upload_0:160523 [upload_job.py:push():130] Uploaded file /tmp/tmpvx0o72prwandb/2kfzt9fu-media/table/summary/metrics_6_d4741b5694b273a13228.table.json
2024-09-04 14:51:47,884 DEBUG   HandlerThread:160523 [handler.py:handle_request():158] handle_request: poll_exit
2024-09-04 14:51:48,265 INFO    Thread-12 :160523 [dir_watcher.py:_on_file_modified():288] file/dir modified: /home/zky/AgentBoard_metasearch/agentboard/wandb/run-20240904_145047-ujavw0w4/files/output.log
2024-09-04 14:51:48,509 INFO    wandb-upload_3:160523 [upload_job.py:push():130] Uploaded file /tmp/tmpvx0o72prwandb/ijewt14i-media/html/summary/agent_abilities_8_d3e831c6e3432429c694.html
2024-09-04 14:51:48,825 INFO    SenderThread:160523 [sender.py:send_artifact():1549] sent artifact job-https___github.com_hkust-nlp_AgentBoard.git_agentboard_eval_main_sci.py - {'id': 'QXJ0aWZhY3Q6MTE3MzkzNzQ2OQ==', 'state': 'COMMITTED', 'artifactSequence': {'id': 'QXJ0aWZhY3RDb2xsZWN0aW9uOjQxODAyNjQ5NA==', 'latestArtifact': {'id': 'QXJ0aWZhY3Q6MTE3OTE4NjQ2Ng==', 'versionIndex': 7}}}
2024-09-04 14:51:48,825 DEBUG   SenderThread:160523 [sender.py:send_request():418] send_request: defer
2024-09-04 14:51:48,825 INFO    SenderThread:160523 [sender.py:send_request_defer():622] handle sender defer: 9
2024-09-04 14:51:48,825 INFO    SenderThread:160523 [dir_watcher.py:finish():358] shutting down directory watcher
2024-09-04 14:51:49,266 INFO    SenderThread:160523 [dir_watcher.py:finish():388] scan: /home/zky/AgentBoard_metasearch/agentboard/wandb/run-20240904_145047-ujavw0w4/files
2024-09-04 14:51:49,266 INFO    SenderThread:160523 [dir_watcher.py:finish():402] scan save: /home/zky/AgentBoard_metasearch/agentboard/wandb/run-20240904_145047-ujavw0w4/files/wandb-summary.json wandb-summary.json
2024-09-04 14:51:49,266 INFO    SenderThread:160523 [dir_watcher.py:finish():402] scan save: /home/zky/AgentBoard_metasearch/agentboard/wandb/run-20240904_145047-ujavw0w4/files/wandb-metadata.json wandb-metadata.json
2024-09-04 14:51:49,269 INFO    SenderThread:160523 [dir_watcher.py:finish():402] scan save: /home/zky/AgentBoard_metasearch/agentboard/wandb/run-20240904_145047-ujavw0w4/files/output.log output.log
2024-09-04 14:51:49,269 INFO    SenderThread:160523 [dir_watcher.py:finish():402] scan save: /home/zky/AgentBoard_metasearch/agentboard/wandb/run-20240904_145047-ujavw0w4/files/requirements.txt requirements.txt
2024-09-04 14:51:49,272 INFO    SenderThread:160523 [dir_watcher.py:finish():402] scan save: /home/zky/AgentBoard_metasearch/agentboard/wandb/run-20240904_145047-ujavw0w4/files/config.yaml config.yaml
2024-09-04 14:51:49,275 INFO    SenderThread:160523 [dir_watcher.py:finish():402] scan save: /home/zky/AgentBoard_metasearch/agentboard/wandb/run-20240904_145047-ujavw0w4/files/conda-environment.yaml conda-environment.yaml
2024-09-04 14:51:49,281 INFO    SenderThread:160523 [dir_watcher.py:finish():402] scan save: /home/zky/AgentBoard_metasearch/agentboard/wandb/run-20240904_145047-ujavw0w4/files/media/plotly/scienceworld/progress_score_w.r.t_difficulty_5_61751bf3cd1f5ccea4a8.plotly.json media/plotly/scienceworld/progress_score_w.r.t_difficulty_5_61751bf3cd1f5ccea4a8.plotly.json
2024-09-04 14:51:49,281 INFO    SenderThread:160523 [dir_watcher.py:finish():402] scan save: /home/zky/AgentBoard_metasearch/agentboard/wandb/run-20240904_145047-ujavw0w4/files/media/plotly/scienceworld/metrics_comparison_2_60afa2490c93305012c6.plotly.json media/plotly/scienceworld/metrics_comparison_2_60afa2490c93305012c6.plotly.json
2024-09-04 14:51:49,281 INFO    SenderThread:160523 [dir_watcher.py:finish():402] scan save: /home/zky/AgentBoard_metasearch/agentboard/wandb/run-20240904_145047-ujavw0w4/files/media/plotly/scienceworld/success_rate_w.r.t_difficulty_4_0c732c50695d91d056aa.plotly.json media/plotly/scienceworld/success_rate_w.r.t_difficulty_4_0c732c50695d91d056aa.plotly.json
2024-09-04 14:51:49,281 INFO    SenderThread:160523 [dir_watcher.py:finish():402] scan save: /home/zky/AgentBoard_metasearch/agentboard/wandb/run-20240904_145047-ujavw0w4/files/media/plotly/scienceworld/task_reward_w.r.t_steps_3_a332fd3a8164812f9a18.plotly.json media/plotly/scienceworld/task_reward_w.r.t_steps_3_a332fd3a8164812f9a18.plotly.json
2024-09-04 14:51:49,282 INFO    SenderThread:160523 [dir_watcher.py:finish():402] scan save: /home/zky/AgentBoard_metasearch/agentboard/wandb/run-20240904_145047-ujavw0w4/files/media/html/summary/agent_abilities_8_d3e831c6e3432429c694.html media/html/summary/agent_abilities_8_d3e831c6e3432429c694.html
2024-09-04 14:51:49,282 INFO    SenderThread:160523 [dir_watcher.py:finish():402] scan save: /home/zky/AgentBoard_metasearch/agentboard/wandb/run-20240904_145047-ujavw0w4/files/media/html/summary/all_results_7_1ca6083c35a738a0fb71.html media/html/summary/all_results_7_1ca6083c35a738a0fb71.html
2024-09-04 14:51:49,282 INFO    SenderThread:160523 [dir_watcher.py:finish():402] scan save: /home/zky/AgentBoard_metasearch/agentboard/wandb/run-20240904_145047-ujavw0w4/files/media/table/summary/metrics_6_d4741b5694b273a13228.table.json media/table/summary/metrics_6_d4741b5694b273a13228.table.json
2024-09-04 14:51:49,282 INFO    SenderThread:160523 [dir_watcher.py:finish():402] scan save: /home/zky/AgentBoard_metasearch/agentboard/wandb/run-20240904_145047-ujavw0w4/files/media/table/scienceworld/predictions_0_18c2672dade1c04ad8ff.table.json media/table/scienceworld/predictions_0_18c2672dade1c04ad8ff.table.json
2024-09-04 14:51:49,282 INFO    SenderThread:160523 [dir_watcher.py:finish():402] scan save: /home/zky/AgentBoard_metasearch/agentboard/wandb/run-20240904_145047-ujavw0w4/files/media/table/scienceworld/metrics_1_88f42115c3beea8c1598.table.json media/table/scienceworld/metrics_1_88f42115c3beea8c1598.table.json
2024-09-04 14:51:49,282 INFO    SenderThread:160523 [sender.py:transition_state():626] send defer: 10
2024-09-04 14:51:49,282 DEBUG   SenderThread:160523 [sender.py:send_request():418] send_request: poll_exit
2024-09-04 14:51:49,282 DEBUG   HandlerThread:160523 [handler.py:handle_request():158] handle_request: defer
2024-09-04 14:51:49,283 INFO    HandlerThread:160523 [handler.py:handle_request_defer():184] handle defer: 10
2024-09-04 14:51:49,283 DEBUG   SenderThread:160523 [sender.py:send_request():418] send_request: defer
2024-09-04 14:51:49,283 INFO    SenderThread:160523 [sender.py:send_request_defer():622] handle sender defer: 10
2024-09-04 14:51:49,283 INFO    SenderThread:160523 [file_pusher.py:finish():169] shutting down file pusher
2024-09-04 14:51:49,886 DEBUG   HandlerThread:160523 [handler.py:handle_request():158] handle_request: poll_exit
2024-09-04 14:51:49,887 DEBUG   SenderThread:160523 [sender.py:send_request():418] send_request: poll_exit
2024-09-04 14:51:49,949 ERROR   wandb-upload_0:160523 [internal_api.py:upload_file():2887] upload_file exception https://storage.googleapis.com/wandb-production.appspot.com/eric142857-alibaba/evaluate-gpt-35-turbo-0125/ujavw0w4/output.log?Expires=1725519121&GoogleAccessId=gorilla-files-url-signer-man%40wandb-production.iam.gserviceaccount.com&Signature=VjnLeTYX5TmMAoVgq5InsDdDLYoYulsHXdtacrgHdWyEBNzRV1jgmKcFuOjt2Gc2w%2Bujsd11s%2FG6kFZQDMUsH93bcL3Yt8w0XxLxUykNfu0R9nTJT5Qw78ow%2FHpLwoZW%2BFUKM5eH7pw0iopc%2BOhIxMMmGEFw9WTCJruQAm9wlfNd7%2FHWZ8sBp0o9wdvL7fbpj25AkaI0fwlFVrr%2FY8xMAI9zkq6Pn8wZyVimi8iZbSHKyIOZ9lxpnpS8NXttwxO579Hky%2FYBlgLDJ7KnkkexZQUkApwMoi48u2oIC5oC9gl3MZerJs0TzUlGLEpFEKU%2F77nz5NAyFpwyUgEz1UTuww%3D%3D: HTTPSConnectionPool(host='storage.googleapis.com', port=443): Max retries exceeded with url: /wandb-production.appspot.com/eric142857-alibaba/evaluate-gpt-35-turbo-0125/ujavw0w4/output.log?Expires=1725519121&GoogleAccessId=gorilla-files-url-signer-man%40wandb-production.iam.gserviceaccount.com&Signature=VjnLeTYX5TmMAoVgq5InsDdDLYoYulsHXdtacrgHdWyEBNzRV1jgmKcFuOjt2Gc2w%2Bujsd11s%2FG6kFZQDMUsH93bcL3Yt8w0XxLxUykNfu0R9nTJT5Qw78ow%2FHpLwoZW%2BFUKM5eH7pw0iopc%2BOhIxMMmGEFw9WTCJruQAm9wlfNd7%2FHWZ8sBp0o9wdvL7fbpj25AkaI0fwlFVrr%2FY8xMAI9zkq6Pn8wZyVimi8iZbSHKyIOZ9lxpnpS8NXttwxO579Hky%2FYBlgLDJ7KnkkexZQUkApwMoi48u2oIC5oC9gl3MZerJs0TzUlGLEpFEKU%2F77nz5NAyFpwyUgEz1UTuww%3D%3D (Caused by SSLError(SSLEOFError(8, 'EOF occurred in violation of protocol (_ssl.c:1131)')))
2024-09-04 14:51:49,949 ERROR   wandb-upload_0:160523 [internal_api.py:upload_file():2889] upload_file request headers: {'User-Agent': 'python-requests/2.27.1', 'Accept-Encoding': 'gzip, deflate', 'Accept': '*/*', 'Connection': 'keep-alive', 'Content-Length': '8619'}
2024-09-04 14:51:49,949 ERROR   wandb-upload_0:160523 [internal_api.py:upload_file():2891] upload_file response body: ''
2024-09-04 14:51:49,961 ERROR   wandb-upload_2:160523 [internal_api.py:upload_file():2887] upload_file exception https://storage.googleapis.com/wandb-production.appspot.com/eric142857-alibaba/evaluate-gpt-35-turbo-0125/ujavw0w4/requirements.txt?Expires=1725519121&GoogleAccessId=gorilla-files-url-signer-man%40wandb-production.iam.gserviceaccount.com&Signature=DZW8Eji9o%2BdN08n8BTIpdw5Krp82%2FoXqihx%2FxepY4CVdS%2Fdw6sAvA%2BzLGCAXPmSbbqWhhRxwv%2B2vwn5BygcSDy%2FyGHoFXNqdPoa%2BnsKsSJ%2F75ShrzqINE4RryGgHwNZD0znaK6B6aYOVg3YSsBwt4iahPDHHtBL5VjzLShJ8tDJnKp0gMZ2m2vOkyd1uVnnO%2FOa0UZzYQYqFh9EJX0CHpsm23xUp0yzxjy3EtpD7QSwkpZyYaq%2BUlbngr%2BpQXRRdYLci7d4sm5gjypgVlbyk6pTZy60nVmpJ5%2BCHGqnJZ8E%2FrAwCXNEBtMM3n3NRGkLrLsCUD7eA7SuzS0Y1sWbI7A%3D%3D: HTTPSConnectionPool(host='storage.googleapis.com', port=443): Max retries exceeded with url: /wandb-production.appspot.com/eric142857-alibaba/evaluate-gpt-35-turbo-0125/ujavw0w4/requirements.txt?Expires=1725519121&GoogleAccessId=gorilla-files-url-signer-man%40wandb-production.iam.gserviceaccount.com&Signature=DZW8Eji9o%2BdN08n8BTIpdw5Krp82%2FoXqihx%2FxepY4CVdS%2Fdw6sAvA%2BzLGCAXPmSbbqWhhRxwv%2B2vwn5BygcSDy%2FyGHoFXNqdPoa%2BnsKsSJ%2F75ShrzqINE4RryGgHwNZD0znaK6B6aYOVg3YSsBwt4iahPDHHtBL5VjzLShJ8tDJnKp0gMZ2m2vOkyd1uVnnO%2FOa0UZzYQYqFh9EJX0CHpsm23xUp0yzxjy3EtpD7QSwkpZyYaq%2BUlbngr%2BpQXRRdYLci7d4sm5gjypgVlbyk6pTZy60nVmpJ5%2BCHGqnJZ8E%2FrAwCXNEBtMM3n3NRGkLrLsCUD7eA7SuzS0Y1sWbI7A%3D%3D (Caused by SSLError(SSLEOFError(8, 'EOF occurred in violation of protocol (_ssl.c:1131)')))
2024-09-04 14:51:49,961 ERROR   wandb-upload_2:160523 [internal_api.py:upload_file():2889] upload_file request headers: {'User-Agent': 'python-requests/2.27.1', 'Accept-Encoding': 'gzip, deflate', 'Accept': '*/*', 'Connection': 'keep-alive', 'Content-Length': '5750'}
2024-09-04 14:51:49,962 ERROR   wandb-upload_2:160523 [internal_api.py:upload_file():2891] upload_file response body: ''
2024-09-04 14:51:50,243 INFO    wandb-upload_1:160523 [upload_job.py:push():130] Uploaded file /home/zky/AgentBoard_metasearch/agentboard/wandb/run-20240904_145047-ujavw0w4/files/wandb-summary.json
2024-09-04 14:51:50,244 INFO    wandb-upload_5:160523 [upload_job.py:push():130] Uploaded file /home/zky/AgentBoard_metasearch/agentboard/wandb/run-20240904_145047-ujavw0w4/files/conda-environment.yaml
2024-09-04 14:51:50,299 INFO    wandb-upload_3:160523 [upload_job.py:push():130] Uploaded file /home/zky/AgentBoard_metasearch/agentboard/wandb/run-20240904_145047-ujavw0w4/files/config.yaml
2024-09-04 14:51:50,888 DEBUG   HandlerThread:160523 [handler.py:handle_request():158] handle_request: poll_exit
2024-09-04 14:51:50,888 DEBUG   SenderThread:160523 [sender.py:send_request():418] send_request: poll_exit
2024-09-04 14:51:50,956 INFO    wandb-upload_4:160523 [upload_job.py:push():130] Uploaded file /tmp/tmpvx0o72prwandb/npv8c02n-media/html/summary/all_results_7_1ca6083c35a738a0fb71.html
2024-09-04 14:51:51,559 INFO    wandb-upload_2:160523 [upload_job.py:push():130] Uploaded file /home/zky/AgentBoard_metasearch/agentboard/wandb/run-20240904_145047-ujavw0w4/files/requirements.txt
2024-09-04 14:51:51,637 INFO    wandb-upload_0:160523 [upload_job.py:push():130] Uploaded file /home/zky/AgentBoard_metasearch/agentboard/wandb/run-20240904_145047-ujavw0w4/files/output.log
2024-09-04 14:51:51,837 INFO    Thread-11 :160523 [sender.py:transition_state():626] send defer: 11
2024-09-04 14:51:51,838 DEBUG   HandlerThread:160523 [handler.py:handle_request():158] handle_request: defer
2024-09-04 14:51:51,838 INFO    HandlerThread:160523 [handler.py:handle_request_defer():184] handle defer: 11
2024-09-04 14:51:51,839 DEBUG   SenderThread:160523 [sender.py:send_request():418] send_request: defer
2024-09-04 14:51:51,839 INFO    SenderThread:160523 [sender.py:send_request_defer():622] handle sender defer: 11
2024-09-04 14:51:51,839 INFO    SenderThread:160523 [file_pusher.py:join():175] waiting for file pusher
2024-09-04 14:51:51,841 INFO    SenderThread:160523 [sender.py:transition_state():626] send defer: 12
2024-09-04 14:51:51,841 DEBUG   HandlerThread:160523 [handler.py:handle_request():158] handle_request: defer
2024-09-04 14:51:51,841 INFO    HandlerThread:160523 [handler.py:handle_request_defer():184] handle defer: 12
2024-09-04 14:51:51,842 DEBUG   SenderThread:160523 [sender.py:send_request():418] send_request: defer
2024-09-04 14:51:51,842 INFO    SenderThread:160523 [sender.py:send_request_defer():622] handle sender defer: 12
2024-09-04 14:51:51,842 INFO    SenderThread:160523 [file_stream.py:finish():601] file stream finish called
2024-09-04 14:51:51,888 DEBUG   HandlerThread:160523 [handler.py:handle_request():158] handle_request: poll_exit
2024-09-04 14:51:52,344 INFO    SenderThread:160523 [file_stream.py:finish():605] file stream finish is done
2024-09-04 14:51:52,344 INFO    SenderThread:160523 [sender.py:transition_state():626] send defer: 13
2024-09-04 14:51:52,344 DEBUG   SenderThread:160523 [sender.py:send_request():418] send_request: poll_exit
2024-09-04 14:51:52,344 DEBUG   HandlerThread:160523 [handler.py:handle_request():158] handle_request: defer
2024-09-04 14:51:52,344 INFO    HandlerThread:160523 [handler.py:handle_request_defer():184] handle defer: 13
2024-09-04 14:51:52,345 DEBUG   SenderThread:160523 [sender.py:send_request():418] send_request: defer
2024-09-04 14:51:52,345 INFO    SenderThread:160523 [sender.py:send_request_defer():622] handle sender defer: 13
2024-09-04 14:51:52,345 INFO    SenderThread:160523 [sender.py:transition_state():626] send defer: 14
2024-09-04 14:51:52,345 DEBUG   HandlerThread:160523 [handler.py:handle_request():158] handle_request: defer
2024-09-04 14:51:52,345 INFO    HandlerThread:160523 [handler.py:handle_request_defer():184] handle defer: 14
2024-09-04 14:51:52,345 DEBUG   SenderThread:160523 [sender.py:send():391] send: final
2024-09-04 14:51:52,346 DEBUG   SenderThread:160523 [sender.py:send():391] send: footer
2024-09-04 14:51:52,346 DEBUG   SenderThread:160523 [sender.py:send_request():418] send_request: defer
2024-09-04 14:51:52,346 INFO    SenderThread:160523 [sender.py:send_request_defer():622] handle sender defer: 14
2024-09-04 14:51:52,346 DEBUG   HandlerThread:160523 [handler.py:handle_request():158] handle_request: poll_exit
2024-09-04 14:51:52,347 DEBUG   HandlerThread:160523 [handler.py:handle_request():158] handle_request: server_info
2024-09-04 14:51:52,347 DEBUG   SenderThread:160523 [sender.py:send_request():418] send_request: poll_exit
2024-09-04 14:51:52,347 DEBUG   SenderThread:160523 [sender.py:send_request():418] send_request: server_info
2024-09-04 14:51:52,350 DEBUG   HandlerThread:160523 [handler.py:handle_request():158] handle_request: poll_exit
2024-09-04 14:51:52,351 DEBUG   HandlerThread:160523 [handler.py:handle_request():158] handle_request: get_summary
2024-09-04 14:51:52,355 DEBUG   HandlerThread:160523 [handler.py:handle_request():158] handle_request: sampled_history
2024-09-04 14:51:52,355 DEBUG   HandlerThread:160523 [handler.py:handle_request():158] handle_request: internal_messages
2024-09-04 14:51:52,744 DEBUG   SenderThread:160523 [sender.py:send_request():418] send_request: poll_exit
2024-09-04 14:51:52,744 DEBUG   HandlerThread:160523 [handler.py:handle_request():158] handle_request: status_report
2024-09-04 14:51:52,745 INFO    MainThread:160523 [wandb_run.py:_footer_history_summary_info():4035] rendering history
2024-09-04 14:51:52,745 INFO    MainThread:160523 [wandb_run.py:_footer_history_summary_info():4067] rendering summary
2024-09-04 14:51:52,746 INFO    MainThread:160523 [wandb_run.py:_footer_sync_info():3994] logging synced files
2024-09-04 14:51:52,746 DEBUG   HandlerThread:160523 [handler.py:handle_request():158] handle_request: shutdown
2024-09-04 14:51:52,746 INFO    HandlerThread:160523 [handler.py:finish():882] shutting down handler
2024-09-04 14:51:53,745 INFO    SenderThread:160523 [sender.py:finish():1631] shutting down sender
2024-09-04 14:51:53,745 INFO    SenderThread:160523 [file_pusher.py:finish():169] shutting down file pusher
2024-09-04 14:51:53,745 INFO    SenderThread:160523 [file_pusher.py:join():175] waiting for file pusher
2024-09-04 14:51:53,745 INFO    WriterThread:160523 [datastore.py:close():296] close: /home/zky/AgentBoard_metasearch/agentboard/wandb/run-20240904_145047-ujavw0w4/run-ujavw0w4.wandb
